{"/Users/jenniegao/Documents/airbyte-local-cli/airbyte-local-cli-nodejs/src/command.ts": {"path":"/Users/jenniegao/Documents/airbyte-local-cli/airbyte-local-cli-nodejs/src/command.ts","statementMap":{"0":{"start":{"line":222,"column":0},"end":{"line":222,"column":7}},"1":{"start":{"line":1,"column":0},"end":{"line":1,"column":42}},"2":{"start":{"line":3,"column":0},"end":{"line":3,"column":64}},"3":{"start":{"line":4,"column":0},"end":{"line":4,"column":38}},"4":{"start":{"line":47,"column":0},"end":{"line":47,"column":null}},"5":{"start":{"line":48,"column":2},"end":{"line":48,"column":null}},"6":{"start":{"line":49,"column":2},"end":{"line":49,"column":null}},"7":{"start":{"line":72,"column":14},"end":{"line":148,"column":6}},"8":{"start":{"line":86,"column":25},"end":{"line":86,"column":42}},"9":{"start":{"line":87,"column":25},"end":{"line":87,"column":41}},"10":{"start":{"line":136,"column":6},"end":{"line":139,"column":7}},"11":{"start":{"line":137,"column":8},"end":{"line":137,"column":29}},"12":{"start":{"line":138,"column":8},"end":{"line":138,"column":48}},"13":{"start":{"line":142,"column":6},"end":{"line":147,"column":7}},"14":{"start":{"line":143,"column":8},"end":{"line":146,"column":10}},"15":{"start":{"line":149,"column":2},"end":{"line":149,"column":13}},"16":{"start":{"line":154,"column":44},"end":{"line":154,"column":46}},"17":{"start":{"line":155,"column":44},"end":{"line":155,"column":46}},"18":{"start":{"line":158,"column":18},"end":{"line":158,"column":21}},"19":{"start":{"line":159,"column":4},"end":{"line":168,"column":7}},"20":{"start":{"line":160,"column":6},"end":{"line":167,"column":7}},"21":{"start":{"line":161,"column":8},"end":{"line":161,"column":29}},"22":{"start":{"line":163,"column":8},"end":{"line":165,"column":9}},"23":{"start":{"line":164,"column":10},"end":{"line":164,"column":28}},"24":{"start":{"line":166,"column":8},"end":{"line":166,"column":31}},"25":{"start":{"line":171,"column":2},"end":{"line":185,"column":5}},"26":{"start":{"line":172,"column":4},"end":{"line":184,"column":5}},"27":{"start":{"line":173,"column":19},"end":{"line":173,"column":42}},"28":{"start":{"line":174,"column":20},"end":{"line":174,"column":35}},"29":{"start":{"line":175,"column":6},"end":{"line":177,"column":7}},"30":{"start":{"line":176,"column":8},"end":{"line":176,"column":51}},"31":{"start":{"line":178,"column":11},"end":{"line":184,"column":5}},"32":{"start":{"line":179,"column":19},"end":{"line":179,"column":42}},"33":{"start":{"line":180,"column":20},"end":{"line":180,"column":35}},"34":{"start":{"line":181,"column":6},"end":{"line":183,"column":7}},"35":{"start":{"line":182,"column":8},"end":{"line":182,"column":51}},"36":{"start":{"line":186,"column":2},"end":{"line":186,"column":44}},"37":{"start":{"line":187,"column":2},"end":{"line":187,"column":49}},"38":{"start":{"line":188,"column":2},"end":{"line":188,"column":32}},"39":{"start":{"line":193,"column":2},"end":{"line":197,"column":18}},"40":{"start":{"line":202,"column":2},"end":{"line":208,"column":3}},"41":{"start":{"line":203,"column":4},"end":{"line":207,"column":5}},"42":{"start":{"line":204,"column":6},"end":{"line":204,"column":102}},"43":{"start":{"line":206,"column":6},"end":{"line":206,"column":99}},"44":{"start":{"line":209,"column":2},"end":{"line":215,"column":3}},"45":{"start":{"line":210,"column":4},"end":{"line":214,"column":5}},"46":{"start":{"line":211,"column":6},"end":{"line":211,"column":112}},"47":{"start":{"line":213,"column":6},"end":{"line":213,"column":104}},"48":{"start":{"line":216,"column":2},"end":{"line":218,"column":3}},"49":{"start":{"line":217,"column":4},"end":{"line":217,"column":96}},"50":{"start":{"line":224,"column":18},"end":{"line":224,"column":39}},"51":{"start":{"line":227,"column":18},"end":{"line":227,"column":52}},"52":{"start":{"line":228,"column":2},"end":{"line":232,"column":5}},"53":{"start":{"line":229,"column":4},"end":{"line":231,"column":5}},"54":{"start":{"line":230,"column":6},"end":{"line":230,"column":46}},"55":{"start":{"line":235,"column":26},"end":{"line":235,"column":52}},"56":{"start":{"line":236,"column":2},"end":{"line":236,"column":65}},"57":{"start":{"line":237,"column":2},"end":{"line":237,"column":65}},"58":{"start":{"line":240,"column":18},"end":{"line":240,"column":32}},"59":{"start":{"line":241,"column":2},"end":{"line":241,"column":37}},"60":{"start":{"line":242,"column":21},"end":{"line":242,"column":49}},"61":{"start":{"line":243,"column":2},"end":{"line":243,"column":44}},"62":{"start":{"line":246,"column":35},"end":{"line":263,"column":4}},"63":{"start":{"line":265,"column":2},"end":{"line":284,"column":3}},"64":{"start":{"line":266,"column":4},"end":{"line":269,"column":23}},"65":{"start":{"line":270,"column":4},"end":{"line":273,"column":23}},"66":{"start":{"line":274,"column":4},"end":{"line":274,"column":72}},"67":{"start":{"line":275,"column":9},"end":{"line":284,"column":3}},"68":{"start":{"line":276,"column":4},"end":{"line":276,"column":42}},"69":{"start":{"line":277,"column":26},"end":{"line":277,"column":70}},"70":{"start":{"line":278,"column":4},"end":{"line":278,"column":40}},"71":{"start":{"line":279,"column":4},"end":{"line":279,"column":40}},"72":{"start":{"line":280,"column":4},"end":{"line":280,"column":70}},"73":{"start":{"line":281,"column":9},"end":{"line":284,"column":3}},"74":{"start":{"line":282,"column":4},"end":{"line":282,"column":36}},"75":{"start":{"line":285,"column":2},"end":{"line":285,"column":21}}},"fnMap":{"0":{"name":"(anonymous_0)","decl":{"start":{"line":47,"column":0},"end":{"line":47,"column":5}},"loc":{"start":{"line":47,"column":27},"end":{"line":50,"column":1}}},"1":{"name":"command","decl":{"start":{"line":71,"column":9},"end":{"line":71,"column":16}},"loc":{"start":{"line":71,"column":16},"end":{"line":150,"column":1}}},"2":{"name":"(anonymous_2)","decl":{"start":{"line":86,"column":16},"end":{"line":86,"column":17}},"loc":{"start":{"line":86,"column":25},"end":{"line":86,"column":42}}},"3":{"name":"(anonymous_3)","decl":{"start":{"line":87,"column":16},"end":{"line":87,"column":17}},"loc":{"start":{"line":87,"column":25},"end":{"line":87,"column":41}}},"4":{"name":"(anonymous_4)","decl":{"start":{"line":135,"column":12},"end":{"line":135,"column":13}},"loc":{"start":{"line":135,"column":26},"end":{"line":148,"column":5}}},"5":{"name":"parseSrcAndDstConfig","decl":{"start":{"line":153,"column":9},"end":{"line":153,"column":29}},"loc":{"start":{"line":153,"column":44},"end":{"line":189,"column":1}}},"6":{"name":"handleNestedConfig","decl":{"start":{"line":157,"column":11},"end":{"line":157,"column":29}},"loc":{"start":{"line":157,"column":85},"end":{"line":169,"column":3}}},"7":{"name":"(anonymous_7)","decl":{"start":{"line":159,"column":17},"end":{"line":159,"column":18}},"loc":{"start":{"line":159,"column":32},"end":{"line":168,"column":5}}},"8":{"name":"(anonymous_8)","decl":{"start":{"line":171,"column":15},"end":{"line":171,"column":16}},"loc":{"start":{"line":171,"column":30},"end":{"line":185,"column":3}}},"9":{"name":"convertToCliOptions","decl":{"start":{"line":192,"column":9},"end":{"line":192,"column":28}},"loc":{"start":{"line":192,"column":41},"end":{"line":198,"column":1}}},"10":{"name":"validateConfigFileInput","decl":{"start":{"line":201,"column":9},"end":{"line":201,"column":32}},"loc":{"start":{"line":201,"column":87},"end":{"line":219,"column":1}}},"11":{"name":"parseAndValidateInputs","decl":{"start":{"line":222,"column":22},"end":{"line":222,"column":44}},"loc":{"start":{"line":222,"column":59},"end":{"line":286,"column":1}}},"12":{"name":"(anonymous_12)","decl":{"start":{"line":228,"column":18},"end":{"line":228,"column":19}},"loc":{"start":{"line":228,"column":24},"end":{"line":232,"column":3}}}},"branchMap":{"0":{"loc":{"start":{"line":47,"column":5},"end":{"line":47,"column":null}},"type":"binary-expr","locations":[{"start":{"line":47,"column":5},"end":{"line":47,"column":27}},{"start":{"line":47,"column":5},"end":{"line":47,"column":null}}]},"1":{"loc":{"start":{"line":136,"column":6},"end":{"line":139,"column":7}},"type":"if","locations":[{"start":{"line":136,"column":6},"end":{"line":139,"column":7}}]},"2":{"loc":{"start":{"line":142,"column":6},"end":{"line":147,"column":7}},"type":"if","locations":[{"start":{"line":142,"column":6},"end":{"line":147,"column":7}}]},"3":{"loc":{"start":{"line":142,"column":10},"end":{"line":142,"column":69}},"type":"binary-expr","locations":[{"start":{"line":142,"column":10},"end":{"line":142,"column":26}},{"start":{"line":142,"column":30},"end":{"line":142,"column":53}},{"start":{"line":142,"column":57},"end":{"line":142,"column":69}}]},"4":{"loc":{"start":{"line":142,"column":32},"end":{"line":142,"column":52}},"type":"binary-expr","locations":[{"start":{"line":142,"column":32},"end":{"line":142,"column":40}},{"start":{"line":142,"column":44},"end":{"line":142,"column":52}}]},"5":{"loc":{"start":{"line":160,"column":6},"end":{"line":167,"column":7}},"type":"if","locations":[{"start":{"line":160,"column":6},"end":{"line":167,"column":7}},{"start":{"line":162,"column":13},"end":{"line":167,"column":7}}]},"6":{"loc":{"start":{"line":163,"column":8},"end":{"line":165,"column":9}},"type":"if","locations":[{"start":{"line":163,"column":8},"end":{"line":165,"column":9}}]},"7":{"loc":{"start":{"line":172,"column":4},"end":{"line":184,"column":5}},"type":"if","locations":[{"start":{"line":172,"column":4},"end":{"line":184,"column":5}},{"start":{"line":178,"column":11},"end":{"line":184,"column":5}}]},"8":{"loc":{"start":{"line":175,"column":6},"end":{"line":177,"column":7}},"type":"if","locations":[{"start":{"line":175,"column":6},"end":{"line":177,"column":7}}]},"9":{"loc":{"start":{"line":175,"column":10},"end":{"line":175,"column":57}},"type":"binary-expr","locations":[{"start":{"line":175,"column":10},"end":{"line":175,"column":21}},{"start":{"line":175,"column":25},"end":{"line":175,"column":30}},{"start":{"line":175,"column":34},"end":{"line":175,"column":57}}]},"10":{"loc":{"start":{"line":178,"column":11},"end":{"line":184,"column":5}},"type":"if","locations":[{"start":{"line":178,"column":11},"end":{"line":184,"column":5}}]},"11":{"loc":{"start":{"line":181,"column":6},"end":{"line":183,"column":7}},"type":"if","locations":[{"start":{"line":181,"column":6},"end":{"line":183,"column":7}}]},"12":{"loc":{"start":{"line":181,"column":10},"end":{"line":181,"column":57}},"type":"binary-expr","locations":[{"start":{"line":181,"column":10},"end":{"line":181,"column":21}},{"start":{"line":181,"column":25},"end":{"line":181,"column":30}},{"start":{"line":181,"column":34},"end":{"line":181,"column":57}}]},"13":{"loc":{"start":{"line":202,"column":2},"end":{"line":208,"column":3}},"type":"if","locations":[{"start":{"line":202,"column":2},"end":{"line":208,"column":3}}]},"14":{"loc":{"start":{"line":202,"column":6},"end":{"line":202,"column":48}},"type":"binary-expr","locations":[{"start":{"line":202,"column":6},"end":{"line":202,"column":24}},{"start":{"line":202,"column":28},"end":{"line":202,"column":48}}]},"15":{"loc":{"start":{"line":203,"column":4},"end":{"line":207,"column":5}},"type":"if","locations":[{"start":{"line":203,"column":4},"end":{"line":207,"column":5}},{"start":{"line":205,"column":11},"end":{"line":207,"column":5}}]},"16":{"loc":{"start":{"line":209,"column":2},"end":{"line":215,"column":3}},"type":"if","locations":[{"start":{"line":209,"column":2},"end":{"line":215,"column":3}}]},"17":{"loc":{"start":{"line":209,"column":6},"end":{"line":209,"column":49}},"type":"binary-expr","locations":[{"start":{"line":209,"column":6},"end":{"line":209,"column":24}},{"start":{"line":209,"column":28},"end":{"line":209,"column":49}}]},"18":{"loc":{"start":{"line":210,"column":4},"end":{"line":214,"column":5}},"type":"if","locations":[{"start":{"line":210,"column":4},"end":{"line":214,"column":5}},{"start":{"line":212,"column":11},"end":{"line":214,"column":5}}]},"19":{"loc":{"start":{"line":216,"column":2},"end":{"line":218,"column":3}},"type":"if","locations":[{"start":{"line":216,"column":2},"end":{"line":218,"column":3}}]},"20":{"loc":{"start":{"line":216,"column":6},"end":{"line":216,"column":48}},"type":"binary-expr","locations":[{"start":{"line":216,"column":6},"end":{"line":216,"column":25}},{"start":{"line":216,"column":29},"end":{"line":216,"column":48}}]},"21":{"loc":{"start":{"line":229,"column":4},"end":{"line":231,"column":5}},"type":"if","locations":[{"start":{"line":229,"column":4},"end":{"line":231,"column":5}}]},"22":{"loc":{"start":{"line":229,"column":8},"end":{"line":229,"column":80}},"type":"binary-expr","locations":[{"start":{"line":229,"column":8},"end":{"line":229,"column":26}},{"start":{"line":229,"column":30},"end":{"line":229,"column":53}},{"start":{"line":229,"column":57},"end":{"line":229,"column":80}}]},"23":{"loc":{"start":{"line":249,"column":19},"end":{"line":249,"column":78}},"type":"cond-expr","locations":[{"start":{"line":249,"column":40},"end":{"line":249,"column":51}},{"start":{"line":249,"column":54},"end":{"line":249,"column":78}}]},"24":{"loc":{"start":{"line":255,"column":13},"end":{"line":255,"column":60}},"type":"cond-expr","locations":[{"start":{"line":255,"column":34},"end":{"line":255,"column":39}},{"start":{"line":255,"column":42},"end":{"line":255,"column":60}}]},"25":{"loc":{"start":{"line":256,"column":13},"end":{"line":256,"column":60}},"type":"cond-expr","locations":[{"start":{"line":256,"column":34},"end":{"line":256,"column":39}},{"start":{"line":256,"column":42},"end":{"line":256,"column":60}}]},"26":{"loc":{"start":{"line":265,"column":2},"end":{"line":284,"column":3}},"type":"if","locations":[{"start":{"line":265,"column":2},"end":{"line":284,"column":3}},{"start":{"line":275,"column":9},"end":{"line":284,"column":3}}]},"27":{"loc":{"start":{"line":265,"column":6},"end":{"line":265,"column":48}},"type":"binary-expr","locations":[{"start":{"line":265,"column":6},"end":{"line":265,"column":25}},{"start":{"line":265,"column":29},"end":{"line":265,"column":48}}]},"28":{"loc":{"start":{"line":275,"column":9},"end":{"line":284,"column":3}},"type":"if","locations":[{"start":{"line":275,"column":9},"end":{"line":284,"column":3}},{"start":{"line":281,"column":9},"end":{"line":284,"column":3}}]},"29":{"loc":{"start":{"line":281,"column":9},"end":{"line":284,"column":3}},"type":"if","locations":[{"start":{"line":281,"column":9},"end":{"line":284,"column":3}}]}},"s":{"0":1,"1":1,"2":1,"3":1,"4":1,"5":1,"6":1,"7":15,"8":10,"9":0,"10":10,"11":2,"12":2,"13":10,"14":0,"15":15,"16":10,"17":10,"18":6,"19":6,"20":8,"21":6,"22":2,"23":1,"24":2,"25":10,"26":85,"27":2,"28":2,"29":2,"30":2,"31":83,"32":4,"33":4,"34":4,"35":4,"36":10,"37":10,"38":10,"39":10,"40":8,"41":0,"42":0,"43":0,"44":8,"45":0,"46":0,"47":0,"48":8,"49":0,"50":15,"51":10,"52":10,"53":12,"54":0,"55":10,"56":10,"57":10,"58":10,"59":10,"60":10,"61":10,"62":10,"63":10,"64":7,"65":7,"66":7,"67":3,"68":1,"69":1,"70":1,"71":1,"72":1,"73":2,"74":2,"75":10},"f":{"0":1,"1":15,"2":10,"3":0,"4":10,"5":10,"6":6,"7":8,"8":85,"9":10,"10":8,"11":15,"12":12},"b":{"0":[1,1],"1":[2],"2":[0],"3":[10,9,2],"4":[9,3],"5":[6,2],"6":[1],"7":[2,83],"8":[2],"9":[2,2,2],"10":[4],"11":[4],"12":[4,4,4],"13":[0],"14":[8,1],"15":[0,0],"16":[0],"17":[8,1],"18":[0,0],"19":[0],"20":[8,8],"21":[0],"22":[12,6,4],"23":[1,9],"24":[2,8],"25":[1,9],"26":[7,3],"27":[10,4],"28":[1,2],"29":[2]}}
,"/Users/jenniegao/Documents/airbyte-local-cli/airbyte-local-cli-nodejs/src/utils.ts": {"path":"/Users/jenniegao/Documents/airbyte-local-cli/airbyte-local-cli-nodejs/src/utils.ts","statementMap":{"0":{"start":{"line":12,"column":0},"end":{"line":12,"column":16}},"1":{"start":{"line":17,"column":0},"end":{"line":17,"column":7}},"2":{"start":{"line":1,"column":0},"end":{"line":1,"column":42}},"3":{"start":{"line":3,"column":0},"end":{"line":3,"column":24}},"4":{"start":{"line":5,"column":0},"end":{"line":5,"column":33}},"5":{"start":{"line":10,"column":13},"end":{"line":10,"column":53}},"6":{"start":{"line":13,"column":2},"end":{"line":13,"column":42}},"7":{"start":{"line":18,"column":2},"end":{"line":29,"column":3}},"8":{"start":{"line":19,"column":17},"end":{"line":19,"column":55}},"9":{"start":{"line":20,"column":23},"end":{"line":20,"column":39}},"10":{"start":{"line":21,"column":19},"end":{"line":24,"column":6}},"11":{"start":{"line":26,"column":4},"end":{"line":26,"column":18}},"12":{"start":{"line":28,"column":4},"end":{"line":28,"column":68}}},"fnMap":{"0":{"name":"updateLogLevel","decl":{"start":{"line":12,"column":16},"end":{"line":12,"column":30}},"loc":{"start":{"line":12,"column":57},"end":{"line":14,"column":1}}},"1":{"name":"parseConfigFile","decl":{"start":{"line":17,"column":22},"end":{"line":17,"column":37}},"loc":{"start":{"line":17,"column":60},"end":{"line":30,"column":1}}}},"branchMap":{"0":{"loc":{"start":{"line":13,"column":17},"end":{"line":13,"column":41}},"type":"cond-expr","locations":[{"start":{"line":13,"column":25},"end":{"line":13,"column":32}},{"start":{"line":13,"column":35},"end":{"line":13,"column":41}}]}},"s":{"0":1,"1":1,"2":1,"3":1,"4":1,"5":1,"6":0,"7":0,"8":0,"9":0,"10":0,"11":0,"12":0},"f":{"0":0,"1":0},"b":{"0":[0,0]}}
,"/Users/jenniegao/Documents/airbyte-local-cli/airbyte-local-cli-nodejs/src/version.ts": {"path":"/Users/jenniegao/Documents/airbyte-local-cli/airbyte-local-cli-nodejs/src/version.ts","statementMap":{"0":{"start":{"line":1,"column":13},"end":{"line":1,"column":35}}},"fnMap":{},"branchMap":{},"s":{"0":1},"f":{},"b":{}}
}
