TN:
SF:src/command.ts
FN:47,(anonymous_0)
FN:71,command
FN:86,(anonymous_2)
FN:87,(anonymous_3)
FN:135,(anonymous_4)
FN:153,parseSrcAndDstConfig
FN:157,handleNestedConfig
FN:159,(anonymous_7)
FN:171,(anonymous_8)
FN:192,convertToCliOptions
FN:201,validateConfigFileInput
FN:222,parseAndValidateInputs
FN:228,(anonymous_12)
FNF:13
FNH:12
FNDA:1,(anonymous_0)
FNDA:15,command
FNDA:10,(anonymous_2)
FNDA:0,(anonymous_3)
FNDA:10,(anonymous_4)
FNDA:10,parseSrcAndDstConfig
FNDA:6,handleNestedConfig
FNDA:8,(anonymous_7)
FNDA:85,(anonymous_8)
FNDA:10,convertToCliOptions
FNDA:8,validateConfigFileInput
FNDA:15,parseAndValidateInputs
FNDA:12,(anonymous_12)
DA:1,1
DA:3,1
DA:4,1
DA:47,1
DA:48,1
DA:49,1
DA:72,15
DA:86,10
DA:87,0
DA:136,10
DA:137,2
DA:138,2
DA:142,10
DA:143,0
DA:149,15
DA:154,10
DA:155,10
DA:158,6
DA:159,6
DA:160,8
DA:161,6
DA:163,2
DA:164,1
DA:166,2
DA:171,10
DA:172,85
DA:173,2
DA:174,2
DA:175,2
DA:176,2
DA:178,83
DA:179,4
DA:180,4
DA:181,4
DA:182,4
DA:186,10
DA:187,10
DA:188,10
DA:193,10
DA:202,8
DA:203,0
DA:204,0
DA:206,0
DA:209,8
DA:210,0
DA:211,0
DA:213,0
DA:216,8
DA:217,0
DA:222,1
DA:224,15
DA:227,10
DA:228,10
DA:229,12
DA:230,0
DA:235,10
DA:236,10
DA:237,10
DA:240,10
DA:241,10
DA:242,10
DA:243,10
DA:246,10
DA:265,10
DA:266,7
DA:270,7
DA:274,7
DA:275,3
DA:276,1
DA:277,1
DA:278,1
DA:279,1
DA:280,1
DA:281,2
DA:282,2
DA:285,10
LF:76
LH:66
BRDA:47,0,0,1
BRDA:47,0,1,1
BRDA:136,1,0,2
BRDA:142,2,0,0
BRDA:142,3,0,10
BRDA:142,3,1,9
BRDA:142,3,2,2
BRDA:142,4,0,9
BRDA:142,4,1,3
BRDA:160,5,0,6
BRDA:160,5,1,2
BRDA:163,6,0,1
BRDA:172,7,0,2
BRDA:172,7,1,83
BRDA:175,8,0,2
BRDA:175,9,0,2
BRDA:175,9,1,2
BRDA:175,9,2,2
BRDA:178,10,0,4
BRDA:181,11,0,4
BRDA:181,12,0,4
BRDA:181,12,1,4
BRDA:181,12,2,4
BRDA:202,13,0,0
BRDA:202,14,0,8
BRDA:202,14,1,1
BRDA:203,15,0,0
BRDA:203,15,1,0
BRDA:209,16,0,0
BRDA:209,17,0,8
BRDA:209,17,1,1
BRDA:210,18,0,0
BRDA:210,18,1,0
BRDA:216,19,0,0
BRDA:216,20,0,8
BRDA:216,20,1,8
BRDA:229,21,0,0
BRDA:229,22,0,12
BRDA:229,22,1,6
BRDA:229,22,2,4
BRDA:249,23,0,1
BRDA:249,23,1,9
BRDA:255,24,0,2
BRDA:255,24,1,8
BRDA:256,25,0,1
BRDA:256,25,1,9
BRDA:265,26,0,7
BRDA:265,26,1,3
BRDA:265,27,0,10
BRDA:265,27,1,4
BRDA:275,28,0,1
BRDA:275,28,1,2
BRDA:281,29,0,2
BRF:53
BRH:44
end_of_record
TN:
SF:src/utils.ts
FN:12,updateLogLevel
FN:17,parseConfigFile
FNF:2
FNH:0
FNDA:0,updateLogLevel
FNDA:0,parseConfigFile
DA:1,1
DA:3,1
DA:5,1
DA:10,1
DA:12,1
DA:13,0
DA:17,1
DA:18,0
DA:19,0
DA:20,0
DA:21,0
DA:26,0
DA:28,0
LF:13
LH:6
BRDA:13,0,0,0
BRDA:13,0,1,0
BRF:2
BRH:0
end_of_record
TN:
SF:src/version.ts
FNF:0
FNH:0
DA:1,1
LF:1
LH:1
BRF:0
BRH:0
end_of_record
